c:\users\russ\source\repos\gltfloader\gltfloader\debug\vc143.pdb
c:\users\russ\source\repos\gltfloader\gltfloader\debug\vc143.idb
c:\users\russ\source\repos\gltfloader\gltfloader\debug\input.obj
c:\users\russ\source\repos\gltfloader\gltfloader\debug\gameloop.obj
c:\users\russ\source\repos\gltfloader\gltfloader\debug\gltfloader.obj
c:\users\russ\source\repos\gltfloader\gltfloader\debug\system.obj
c:\users\russ\source\repos\gltfloader\gltfloader\debug\personalgl.obj
c:\users\russ\source\repos\gltfloader\gltfloader\debug\loadpng.obj
c:\users\russ\source\repos\gltfloader\gltfloader\debug\gltfskeleton.obj
c:\users\russ\source\repos\gltfloader\gltfloader\debug\gltfrender.obj
c:\users\russ\source\repos\gltfloader\gltfloader\debug\gltfnode.obj
c:\users\russ\source\repos\gltfloader\gltfloader\debug\gltfmesh.obj
c:\users\russ\source\repos\gltfloader\gltfloader\debug\gltfmaterial.obj
c:\users\russ\source\repos\gltfloader\gltfloader\debug\gltfbuffer.obj
c:\users\russ\source\repos\gltfloader\gltfloader\debug\gltfanimation.obj
c:\users\russ\source\repos\gltfloader\gltfloader\debug\gltfaccesor.obj
c:\users\russ\source\repos\gltfloader\gltfloader\debug\gltf2.obj
c:\users\russ\source\repos\gltfloader\gltfloader\debug\camera.obj
c:\users\russ\source\repos\gltfloader\gltfloader\debug\glew.obj
c:\users\russ\source\repos\gltfloader\debug\libpng16d.dll
c:\users\russ\source\repos\gltfloader\debug\zlibd1.dll
c:\users\russ\source\repos\gltfloader\debug\yyjson.dll
c:\users\russ\source\repos\gltfloader\debug\gltfloader.exe
c:\users\russ\source\repos\gltfloader\debug\gltfloader.pdb
c:\users\russ\source\repos\gltfloader\gltfloader\debug\gltfloader.ilk
c:\users\russ\source\repos\gltfloader\gltfloader\debug\gltfloader.tlog\cl.command.1.tlog
c:\users\russ\source\repos\gltfloader\gltfloader\debug\gltfloader.tlog\cl.items.tlog
c:\users\russ\source\repos\gltfloader\gltfloader\debug\gltfloader.tlog\cl.read.1.tlog
c:\users\russ\source\repos\gltfloader\gltfloader\debug\gltfloader.tlog\cl.write.1.tlog
c:\users\russ\source\repos\gltfloader\gltfloader\debug\gltfloader.tlog\gltfloader.write.1u.tlog
c:\users\russ\source\repos\gltfloader\gltfloader\debug\gltfloader.tlog\link.command.1.tlog
c:\users\russ\source\repos\gltfloader\gltfloader\debug\gltfloader.tlog\link.read.1.tlog
c:\users\russ\source\repos\gltfloader\gltfloader\debug\gltfloader.tlog\link.secondary.1.tlog
c:\users\russ\source\repos\gltfloader\gltfloader\debug\gltfloader.tlog\link.write.1.tlog
